<?xml version="1.0" encoding="utf-8"?><testsuites name="pytest tests"><testsuite name="pytest" errors="0" failures="0" skipped="0" tests="17" time="3.809" timestamp="2026-05-01T03:14:30.904182+00:00" hostname="agent-env-0427199c-3f2d-4f8f-b87c-abadfe64cf24"><testcase classname="tests.test_valeteck_api.TestAuth" name="test_login_success" time="0.460" /><testcase classname="tests.test_valeteck_api.TestAuth" name="test_login_invalid" time="0.272" /><testcase classname="tests.test_valeteck_api.TestAuth" name="test_me" time="0.326" /><testcase classname="tests.test_valeteck_api.TestAuth" name="test_me_no_token" time="0.050" /><testcase classname="tests.test_valeteck_api.TestReference" name="test_companies" time="0.046" /><testcase classname="tests.test_valeteck_api.TestReference" name="test_equipments" time="0.048" /><testcase classname="tests.test_valeteck_api.TestReference" name="test_accessories" time="0.048" /><testcase classname="tests.test_valeteck_api.TestReference" name="test_service_types" time="0.048" /><testcase classname="tests.test_valeteck_api.TestChecklists" name="test_create_rascunho_partial" time="0.052" /><testcase classname="tests.test_valeteck_api.TestChecklists" name="test_send_missing_fields_400" time="0.053" /><testcase classname="tests.test_valeteck_api.TestChecklists" name="test_send_invalid_plate" time="0.065" /><testcase classname="tests.test_valeteck_api.TestChecklists" name="test_plate_old_format" time="0.051" /><testcase classname="tests.test_valeteck_api.TestChecklists" name="test_create_enviado_full" time="0.114" /><testcase classname="tests.test_valeteck_api.TestChecklists" name="test_list_and_search" time="0.102" /><testcase classname="tests.test_valeteck_api.TestChecklists" name="test_edit_rascunho_and_block_enviado" time="0.201" /><testcase classname="tests.test_valeteck_api.TestAntifraude" name="test_duplicate_within_24h" time="0.099" /><testcase classname="tests.test_valeteck_api.TestAntifraude" name="test_garantia_alert" time="1.684" /></testsuite></testsuites>