<?xml version="1.0" encoding="utf-8"?><testsuites name="pytest tests"><testsuite name="pytest" errors="0" failures="0" skipped="0" tests="12" time="1.255" timestamp="2026-05-01T19:15:01.176836+00:00" hostname="agent-env-0427199c-3f2d-4f8f-b87c-abadfe64cf24"><testcase classname="backend.tests.test_valeteck_v10" name="test_gamification_profile_requires_auth" time="0.249" /><testcase classname="backend.tests.test_valeteck_v10" name="test_profile_top_level_keys" time="0.620" /><testcase classname="backend.tests.test_valeteck_v10" name="test_level_object_shape" time="0.000" /><testcase classname="backend.tests.test_valeteck_v10" name="test_level_matches_xp" time="0.000" /><testcase classname="backend.tests.test_valeteck_v10" name="test_achievements_count_and_shape" time="0.000" /><testcase classname="backend.tests.test_valeteck_v10" name="test_unlocked_count_consistent" time="0.000" /><testcase classname="backend.tests.test_valeteck_v10" name="test_first_os_unlocked_when_n_ge_1" time="0.000" /><testcase classname="backend.tests.test_valeteck_v10" name="test_weekly_history_length_and_order" time="0.000" /><testcase classname="backend.tests.test_valeteck_v10" name="test_last_week_is_current_iso_week" time="0.000" /><testcase classname="backend.tests.test_valeteck_v10" name="test_weeks_are_consecutive_mondays" time="0.000" /><testcase classname="backend.tests.test_valeteck_v10" name="test_xp_formula_matches_checklists" time="0.307" /><testcase classname="backend.tests.test_valeteck_v10" name="test_expected_xp_660_scenario" time="0.000" /></testsuite></testsuites>