<?xml version="1.0" encoding="utf-8"?><testsuites name="pytest tests"><testsuite name="pytest" errors="0" failures="0" skipped="0" tests="12" time="3.194" timestamp="2026-05-01T04:08:35.016452+00:00" hostname="agent-env-0427199c-3f2d-4f8f-b87c-abadfe64cf24"><testcase classname="backend.tests.test_valeteck_v2.TestAgenda" name="test_list_appointments_returns_3" time="0.619" /><testcase classname="backend.tests.test_valeteck_v2.TestAgenda" name="test_get_appointment_detail" time="0.262" /><testcase classname="backend.tests.test_valeteck_v2.TestAgenda" name="test_get_appointment_404" time="0.161" /><testcase classname="backend.tests.test_valeteck_v2.TestAgenda" name="test_appointments_requires_auth" time="0.107" /><testcase classname="backend.tests.test_valeteck_v2.TestReferenceV2" name="test_accessories_carro_21" time="0.134" /><testcase classname="backend.tests.test_valeteck_v2.TestReferenceV2" name="test_accessories_moto_17" time="0.107" /><testcase classname="backend.tests.test_valeteck_v2.TestReferenceV2" name="test_accessories_no_param_union" time="0.239" /><testcase classname="backend.tests.test_valeteck_v2.TestReferenceV2" name="test_battery_states" time="0.108" /><testcase classname="backend.tests.test_valeteck_v2.TestReferenceV2" name="test_problems_lists" time="0.124" /><testcase classname="backend.tests.test_valeteck_v2.TestChecklistV2" name="test_create_checklist_v2_fields_persist" time="0.413" /><testcase classname="backend.tests.test_valeteck_v2.TestChecklistV2" name="test_appointment_status_em_andamento_on_rascunho" time="0.464" /><testcase classname="backend.tests.test_valeteck_v2.TestChecklistV2" name="test_appointment_status_concluido_on_enviado" time="0.359" /></testsuite></testsuites>