<?xml version="1.0" encoding="utf-8"?><testsuites name="pytest tests"><testsuite name="pytest" errors="0" failures="0" skipped="0" tests="5" time="2.311" timestamp="2026-05-01T15:21:33.396325+00:00" hostname="agent-env-0427199c-3f2d-4f8f-b87c-abadfe64cf24"><testcase classname="backend.tests.test_valeteck_v3.TestAgendaV3" name="test_list_returns_at_least_6_with_v3_fields" time="0.753" /><testcase classname="backend.tests.test_valeteck_v3.TestAgendaV3" name="test_seeded_numeros_os_present" time="0.200" /><testcase classname="backend.tests.test_valeteck_v3.TestAgendaV3" name="test_prioridade_variety" time="0.147" /><testcase classname="backend.tests.test_valeteck_v3.TestSeedNew" name="test_seed_new_creates_and_persists" time="0.832" /><testcase classname="backend.tests.test_valeteck_v3.TestSeedNew" name="test_seed_new_requires_auth" time="0.201" /></testsuite></testsuites>