<?xml version="1.0" encoding="utf-8"?><testsuites name="pytest tests"><testsuite name="pytest" errors="0" failures="1" skipped="0" tests="11" time="4.334" timestamp="2026-05-01T16:43:40.414048+00:00" hostname="agent-env-0427199c-3f2d-4f8f-b87c-abadfe64cf24"><testcase classname="backend.tests.test_valeteck_v4.TestDeviceTest" name="test_valid_imei_returns_payload" time="0.731" /><testcase classname="backend.tests.test_valeteck_v4.TestDeviceTest" name="test_invalid_imei_short_returns_400" time="0.210" /><testcase classname="backend.tests.test_valeteck_v4.TestDeviceTest" name="test_invalid_imei_non_digit_returns_400" time="0.213" /><testcase classname="backend.tests.test_valeteck_v4.TestDeviceTest" name="test_empty_imei_returns_400" time="0.193" /><testcase classname="backend.tests.test_valeteck_v4.TestDeviceTest" name="test_determinism_same_imei_same_result" time="0.324" /><testcase classname="backend.tests.test_valeteck_v4.TestDeviceTest" name="test_requires_auth" time="0.230" /><testcase classname="backend.tests.test_valeteck_v4.TestChecklistV4" name="test_create_draft_with_workflow_photos_persists_step_and_photo_id" time="0.323" /><testcase classname="backend.tests.test_valeteck_v4.TestChecklistV4" name="test_send_missing_workflow_groups_returns_400" time="0.207" /><testcase classname="backend.tests.test_valeteck_v4.TestChecklistV4" name="test_send_with_all_4_groups_succeeds" time="0.273"><failure message="AssertionError: imei not persisted on POST: got ''&#10;assert '' == '123456789012345'&#10;  &#10;  - 123456789012345">backend/tests/test_valeteck_v4.py:190: in test_send_with_all_4_groups_succeeds
    assert g["imei"] == VALID_IMEI, f"imei not persisted on POST: got {g.get('imei')!r}"
E   AssertionError: imei not persisted on POST: got ''
E   assert '' == '123456789012345'
E     
E     - 123456789012345</failure></testcase><testcase classname="backend.tests.test_valeteck_v4.TestChecklistV4" name="test_send_with_invalid_imei_returns_400" time="0.231" /><testcase classname="backend.tests.test_valeteck_v4.TestChecklistV4" name="test_update_persists_v4_fields" time="1.215" /></testsuite></testsuites>