<?xml version="1.0" encoding="utf-8"?><testsuites name="pytest tests"><testsuite name="pytest" errors="0" failures="0" skipped="0" tests="12" time="3.033" timestamp="2026-05-01T16:57:23.580139+00:00" hostname="agent-env-0427199c-3f2d-4f8f-b87c-abadfe64cf24"><testcase classname="backend.tests.test_valeteck_v5.TestPriceTable" name="test_price_table_public" time="0.238" /><testcase classname="backend.tests.test_valeteck_v5.TestEarningsAuth" name="test_unauthorized_returns_401" time="0.135" /><testcase classname="backend.tests.test_valeteck_v5.TestEarningsAuth" name="test_invalid_period_returns_400" time="0.506" /><testcase classname="backend.tests.test_valeteck_v5" name="test_earnings_shape[day]" time="0.162" /><testcase classname="backend.tests.test_valeteck_v5" name="test_earnings_shape[week]" time="0.165" /><testcase classname="backend.tests.test_valeteck_v5" name="test_earnings_shape[month]" time="0.160" /><testcase classname="backend.tests.test_valeteck_v5" name="test_earnings_shape[all]" time="0.137" /><testcase classname="backend.tests.test_valeteck_v5.TestEarningsBusinessRules" name="test_month_returns_data_if_jobs_exist" time="0.156" /><testcase classname="backend.tests.test_valeteck_v5.TestEarningsBusinessRules" name="test_sla_bonus_logic_per_job" time="0.152" /><testcase classname="backend.tests.test_valeteck_v5.TestEarningsBusinessRules" name="test_day_subset_of_week_subset_of_month_subset_of_all" time="0.577" /><testcase classname="backend.tests.test_valeteck_v5.TestEarningsBusinessRules" name="test_drafts_not_included" time="0.419" /><testcase classname="backend.tests.test_valeteck_v5.TestEarningsBusinessRules" name="test_breakdown_by_company_sum_matches_total_net" time="0.140" /></testsuite></testsuites>