<?xml version="1.0" encoding="utf-8"?><testsuites name="pytest tests"><testsuite name="pytest" errors="0" failures="0" skipped="0" tests="11" time="3.887" timestamp="2026-05-01T17:35:28.817007+00:00" hostname="agent-env-0427199c-3f2d-4f8f-b87c-abadfe64cf24"><testcase classname="backend.tests.test_valeteck_v6.TestAppointmentsListing" name="test_list_returns_six_with_new_fields" time="0.944" /><testcase classname="backend.tests.test_valeteck_v6.TestAppointmentsListing" name="test_delay_and_penalty_computation" time="0.245" /><testcase classname="backend.tests.test_valeteck_v6.TestAppointmentsListing" name="test_future_scheduled_no_penalty" time="0.140" /><testcase classname="backend.tests.test_valeteck_v6.TestAcceptAppointment" name="test_accept_changes_status_to_aceita" time="0.690" /><testcase classname="backend.tests.test_valeteck_v6.TestAcceptAppointment" name="test_accept_already_accepted_returns_400" time="0.295" /><testcase classname="backend.tests.test_valeteck_v6.TestAcceptAppointment" name="test_accept_unknown_id_returns_404" time="0.139" /><testcase classname="backend.tests.test_valeteck_v6.TestRefuseAppointment" name="test_refuse_requires_non_empty_reason" time="0.327" /><testcase classname="backend.tests.test_valeteck_v6.TestRefuseAppointment" name="test_refuse_without_reason_field_returns_422" time="0.282" /><testcase classname="backend.tests.test_valeteck_v6.TestRefuseAppointment" name="test_refuse_persists_reason_and_status" time="0.495" /><testcase classname="backend.tests.test_valeteck_v6.TestAuthGuard" name="test_accept_unauthenticated" time="0.130" /><testcase classname="backend.tests.test_valeteck_v6.TestAuthGuard" name="test_refuse_unauthenticated" time="0.128" /></testsuite></testsuites>