<?xml version="1.0" encoding="utf-8"?><testsuites name="pytest tests"><testsuite name="pytest" errors="0" failures="0" skipped="0" tests="11" time="3.652" timestamp="2026-05-01T18:23:39.707255+00:00" hostname="agent-env-0427199c-3f2d-4f8f-b87c-abadfe64cf24"><testcase classname="backend.tests.test_valeteck_v7.TestRankings" name="test_weekly_ranking_structure" time="0.815" /><testcase classname="backend.tests.test_valeteck_v7.TestRankings" name="test_top_earners_sorted_desc" time="0.219" /><testcase classname="backend.tests.test_valeteck_v7.TestRankings" name="test_badges_gold_silver_bronze" time="0.142" /><testcase classname="backend.tests.test_valeteck_v7.TestRankings" name="test_me_position_present" time="0.201" /><testcase classname="backend.tests.test_valeteck_v7.TestChecklistPDF" name="test_pdf_returns_bytes_with_pdf_header" time="0.543" /><testcase classname="backend.tests.test_valeteck_v7.TestChecklistPDF" name="test_pdf_404_for_unknown_id" time="0.207" /><testcase classname="backend.tests.test_valeteck_v7.TestChecklistPDF" name="test_pdf_requires_auth" time="0.181" /><testcase classname="backend.tests.test_valeteck_v7.TestInventory" name="test_inventory_me_seeded_six" time="0.250" /><testcase classname="backend.tests.test_valeteck_v7.TestInventory" name="test_transfer_valid_status_updates_item" time="0.634" /><testcase classname="backend.tests.test_valeteck_v7.TestInventory" name="test_transfer_invalid_status_400" time="0.258" /><testcase classname="backend.tests.test_valeteck_v7.TestInventory" name="test_transfer_unknown_id_404" time="0.128" /></testsuite></testsuites>