<?xml version="1.0" encoding="utf-8"?><testsuites name="pytest tests"><testsuite name="pytest" errors="0" failures="2" skipped="0" tests="5" time="2.024" timestamp="2026-05-01T18:40:47.212467+00:00" hostname="agent-env-0427199c-3f2d-4f8f-b87c-abadfe64cf24"><testcase classname="backend.tests.test_valeteck_v8.TestHealth" name="test_health" time="0.331"><failure message="assert 404 == 200&#10; +  where 404 = &lt;Response [404]&gt;.status_code">backend/tests/test_valeteck_v8.py:30: in test_health
    assert r.status_code == 200
E   assert 404 == 200
E    +  where 404 = &lt;Response [404]&gt;.status_code</failure></testcase><testcase classname="backend.tests.test_valeteck_v8.TestHealth" name="test_auth_me" time="0.578" /><testcase classname="backend.tests.test_valeteck_v8.TestChecklistRegression" name="test_create_and_get" time="0.694" /><testcase classname="backend.tests.test_valeteck_v8.TestChecklistRegression" name="test_create_enviado_status" time="0.193"><failure message="AssertionError: {&quot;detail&quot;:&quot;Empresa inválida; Mínimo de 2 fotos obrigatórias; Assinatura obrigatória&quot;}&#10;assert 400 in (200, 201)&#10; +  where 400 = &lt;Response [400]&gt;.status_code">backend/tests/test_valeteck_v8.py:101: in test_create_enviado_status
    assert r.status_code in (200, 201), r.text
E   AssertionError: {"detail":"Empresa inválida; Mínimo de 2 fotos obrigatórias; Assinatura obrigatória"}
E   assert 400 in (200, 201)
E    +  where 400 = &lt;Response [400]&gt;.status_code</failure></testcase><testcase classname="backend.tests.test_valeteck_v8.TestChecklistRegression" name="test_unauthorized" time="0.141" /></testsuite></testsuites>