<?xml version="1.0" encoding="utf-8"?><testsuites name="pytest tests"><testsuite name="pytest" errors="0" failures="0" skipped="0" tests="14" time="8.946" timestamp="2026-05-01T19:06:07.672028+00:00" hostname="agent-env-0427199c-3f2d-4f8f-b87c-abadfe64cf24"><testcase classname="backend.tests.test_valeteck_v9.TestOcrPlate" name="test_unauthorized" time="0.243" /><testcase classname="backend.tests.test_valeteck_v9.TestOcrPlate" name="test_empty_base64_returns_400" time="0.741" /><testcase classname="backend.tests.test_valeteck_v9.TestOcrPlate" name="test_detect_mercosul_plate" time="3.836" /><testcase classname="backend.tests.test_valeteck_v9.TestOcrPlate" name="test_no_plate_image" time="1.642" /><testcase classname="backend.tests.test_valeteck_v9.TestDeviceTestAdapter" name="test_mock_source_when_imei_not_linked" time="0.163" /><testcase classname="backend.tests.test_valeteck_v9.TestDeviceTestAdapter" name="test_partner_rastremix_source" time="0.536" /><testcase classname="backend.tests.test_valeteck_v9.TestPartnerWebhook" name="test_invalid_secret" time="0.200" /><testcase classname="backend.tests.test_valeteck_v9.TestPartnerWebhook" name="test_unknown_partner" time="0.140" /><testcase classname="backend.tests.test_valeteck_v9.TestPartnerWebhook" name="test_valid_creates_appointment" time="0.375" /><testcase classname="backend.tests.test_valeteck_v9.TestRegression" name="test_login_and_me" time="0.133" /><testcase classname="backend.tests.test_valeteck_v9.TestRegression" name="test_appointments_list" time="0.153" /><testcase classname="backend.tests.test_valeteck_v9.TestRegression" name="test_inventory_list" time="0.184" /><testcase classname="backend.tests.test_valeteck_v9.TestRegression" name="test_earnings" time="0.170" /><testcase classname="backend.tests.test_valeteck_v9.TestRegression" name="test_checklist_create_rascunho" time="0.349" /></testsuite></testsuites>